mode: atomic
github.com/aspenmesh/istio-vet/pkg/vetter/util/conversion.go:32.64,35.48 3 1
github.com/aspenmesh/istio-vet/pkg/vetter/util/conversion.go:45.2,45.12 1 1
github.com/aspenmesh/istio-vet/pkg/vetter/util/conversion.go:35.48,36.13 1 0
github.com/aspenmesh/istio-vet/pkg/vetter/util/conversion.go:40.3,43.33 4 0
github.com/aspenmesh/istio-vet/pkg/vetter/util/conversion.go:36.13,38.4 1 0
github.com/aspenmesh/istio-vet/pkg/vetter/util/conversion.go:52.65,54.16 2 1
github.com/aspenmesh/istio-vet/pkg/vetter/util/conversion.go:57.2,57.42 1 1
github.com/aspenmesh/istio-vet/pkg/vetter/util/conversion.go:54.16,56.3 1 0
github.com/aspenmesh/istio-vet/pkg/vetter/util/util.go:131.50,134.2 2 8
github.com/aspenmesh/istio-vet/pkg/vetter/util/util.go:139.43,142.43 3 0
github.com/aspenmesh/istio-vet/pkg/vetter/util/util.go:146.2,146.10 1 0
github.com/aspenmesh/istio-vet/pkg/vetter/util/util.go:142.43,145.3 2 0
github.com/aspenmesh/istio-vet/pkg/vetter/util/util.go:151.40,153.2 1 0
github.com/aspenmesh/istio-vet/pkg/vetter/util/util.go:157.48,159.16 2 3
github.com/aspenmesh/istio-vet/pkg/vetter/util/util.go:162.2,162.21 1 3
github.com/aspenmesh/istio-vet/pkg/vetter/util/util.go:159.16,161.3 1 0
github.com/aspenmesh/istio-vet/pkg/vetter/util/util.go:168.86,170.16 2 0
github.com/aspenmesh/istio-vet/pkg/vetter/util/util.go:174.2,174.16 1 0
github.com/aspenmesh/istio-vet/pkg/vetter/util/util.go:170.16,173.3 2 0
github.com/aspenmesh/istio-vet/pkg/vetter/util/util.go:178.77,180.8 2 1
github.com/aspenmesh/istio-vet/pkg/vetter/util/util.go:185.2,186.56 2 1
github.com/aspenmesh/istio-vet/pkg/vetter/util/util.go:190.2,190.18 1 1
github.com/aspenmesh/istio-vet/pkg/vetter/util/util.go:180.8,184.3 3 0
github.com/aspenmesh/istio-vet/pkg/vetter/util/util.go:186.56,189.3 2 0
github.com/aspenmesh/istio-vet/pkg/vetter/util/util.go:196.79,198.16 2 0
github.com/aspenmesh/istio-vet/pkg/vetter/util/util.go:202.2,202.16 1 0
github.com/aspenmesh/istio-vet/pkg/vetter/util/util.go:198.16,201.3 2 0
github.com/aspenmesh/istio-vet/pkg/vetter/util/util.go:204.76,206.8 2 1
github.com/aspenmesh/istio-vet/pkg/vetter/util/util.go:212.2,212.17 1 1
github.com/aspenmesh/istio-vet/pkg/vetter/util/util.go:215.2,216.50 2 1
github.com/aspenmesh/istio-vet/pkg/vetter/util/util.go:220.2,220.18 1 1
github.com/aspenmesh/istio-vet/pkg/vetter/util/util.go:206.8,210.3 3 0
github.com/aspenmesh/istio-vet/pkg/vetter/util/util.go:212.17,214.3 1 0
github.com/aspenmesh/istio-vet/pkg/vetter/util/util.go:216.50,219.3 2 0
github.com/aspenmesh/istio-vet/pkg/vetter/util/util.go:225.79,227.41 2 1
github.com/aspenmesh/istio-vet/pkg/vetter/util/util.go:233.2,235.29 3 1
github.com/aspenmesh/istio-vet/pkg/vetter/util/util.go:247.2,248.36 2 1
github.com/aspenmesh/istio-vet/pkg/vetter/util/util.go:227.41,230.3 1 0
github.com/aspenmesh/istio-vet/pkg/vetter/util/util.go:235.29,236.22 1 1
github.com/aspenmesh/istio-vet/pkg/vetter/util/util.go:240.3,241.20 2 1
github.com/aspenmesh/istio-vet/pkg/vetter/util/util.go:236.22,239.4 1 0
github.com/aspenmesh/istio-vet/pkg/vetter/util/util.go:241.20,243.4 1 0
github.com/aspenmesh/istio-vet/pkg/vetter/util/util.go:253.46,255.2 1 1
github.com/aspenmesh/istio-vet/pkg/vetter/util/util.go:257.64,259.67 1 1
github.com/aspenmesh/istio-vet/pkg/vetter/util/util.go:259.67,259.82 1 0
github.com/aspenmesh/istio-vet/pkg/vetter/util/util.go:262.110,264.31 2 2
github.com/aspenmesh/istio-vet/pkg/vetter/util/util.go:270.2,270.33 1 2
github.com/aspenmesh/istio-vet/pkg/vetter/util/util.go:264.31,265.28 1 0
github.com/aspenmesh/istio-vet/pkg/vetter/util/util.go:265.28,267.4 1 0
github.com/aspenmesh/istio-vet/pkg/vetter/util/util.go:273.64,275.36 2 0
github.com/aspenmesh/istio-vet/pkg/vetter/util/util.go:278.2,278.14 1 0
github.com/aspenmesh/istio-vet/pkg/vetter/util/util.go:275.36,277.3 1 0
github.com/aspenmesh/istio-vet/pkg/vetter/util/util.go:281.87,283.9 2 19
github.com/aspenmesh/istio-vet/pkg/vetter/util/util.go:286.2,286.14 1 19
github.com/aspenmesh/istio-vet/pkg/vetter/util/util.go:283.9,285.3 1 19
github.com/aspenmesh/istio-vet/pkg/vetter/util/util.go:289.63,290.17 1 2
github.com/aspenmesh/istio-vet/pkg/vetter/util/util.go:293.2,293.14 1 0
github.com/aspenmesh/istio-vet/pkg/vetter/util/util.go:290.17,292.3 1 2
github.com/aspenmesh/istio-vet/pkg/vetter/util/util.go:296.61,297.69 1 1
github.com/aspenmesh/istio-vet/pkg/vetter/util/util.go:297.69,299.3 1 0
github.com/aspenmesh/istio-vet/pkg/vetter/util/util.go:302.41,303.14 1 0
github.com/aspenmesh/istio-vet/pkg/vetter/util/util.go:307.2,308.16 2 0
github.com/aspenmesh/istio-vet/pkg/vetter/util/util.go:313.2,313.19 1 0
github.com/aspenmesh/istio-vet/pkg/vetter/util/util.go:303.14,305.3 1 0
github.com/aspenmesh/istio-vet/pkg/vetter/util/util.go:308.16,311.3 2 0
github.com/aspenmesh/istio-vet/pkg/vetter/util/util.go:316.37,319.16 3 0
github.com/aspenmesh/istio-vet/pkg/vetter/util/util.go:324.2,325.10 2 0
github.com/aspenmesh/istio-vet/pkg/vetter/util/util.go:319.16,322.3 2 0
github.com/aspenmesh/istio-vet/pkg/vetter/util/util.go:328.39,330.16 2 0
github.com/aspenmesh/istio-vet/pkg/vetter/util/util.go:335.2,335.18 1 0
github.com/aspenmesh/istio-vet/pkg/vetter/util/util.go:330.16,333.3 2 0
github.com/aspenmesh/istio-vet/pkg/vetter/util/util.go:338.47,340.27 2 0
github.com/aspenmesh/istio-vet/pkg/vetter/util/util.go:345.2,345.32 1 0
github.com/aspenmesh/istio-vet/pkg/vetter/util/util.go:340.27,341.12 1 0
github.com/aspenmesh/istio-vet/pkg/vetter/util/util.go:341.12,343.4 1 0
github.com/aspenmesh/istio-vet/pkg/vetter/util/util.go:348.40,351.2 2 0
github.com/aspenmesh/istio-vet/pkg/vetter/util/util.go:353.81,355.16 2 1
github.com/aspenmesh/istio-vet/pkg/vetter/util/util.go:358.2,359.16 2 1
github.com/aspenmesh/istio-vet/pkg/vetter/util/util.go:365.2,394.16 6 1
github.com/aspenmesh/istio-vet/pkg/vetter/util/util.go:399.2,399.48 1 1
github.com/aspenmesh/istio-vet/pkg/vetter/util/util.go:403.2,404.59 2 1
github.com/aspenmesh/istio-vet/pkg/vetter/util/util.go:410.2,410.18 1 1
github.com/aspenmesh/istio-vet/pkg/vetter/util/util.go:355.16,357.3 1 0
github.com/aspenmesh/istio-vet/pkg/vetter/util/util.go:359.16,361.3 1 0
github.com/aspenmesh/istio-vet/pkg/vetter/util/util.go:394.16,397.3 2 0
github.com/aspenmesh/istio-vet/pkg/vetter/util/util.go:399.48,401.3 1 0
github.com/aspenmesh/istio-vet/pkg/vetter/util/util.go:404.59,406.3 1 0
github.com/aspenmesh/istio-vet/pkg/vetter/util/util.go:415.92,418.16 2 0
github.com/aspenmesh/istio-vet/pkg/vetter/util/util.go:421.2,422.16 2 0
github.com/aspenmesh/istio-vet/pkg/vetter/util/util.go:425.2,425.50 1 0
github.com/aspenmesh/istio-vet/pkg/vetter/util/util.go:418.16,420.3 1 0
github.com/aspenmesh/istio-vet/pkg/vetter/util/util.go:422.16,424.3 1 0
github.com/aspenmesh/istio-vet/pkg/vetter/util/util.go:430.79,431.46 1 0
github.com/aspenmesh/istio-vet/pkg/vetter/util/util.go:437.2,437.12 1 0
github.com/aspenmesh/istio-vet/pkg/vetter/util/util.go:431.46,436.3 1 0
github.com/aspenmesh/istio-vet/pkg/vetter/util/util.go:442.41,444.43 2 0
github.com/aspenmesh/istio-vet/pkg/vetter/util/util.go:450.2,450.14 1 0
github.com/aspenmesh/istio-vet/pkg/vetter/util/util.go:444.43,445.100 1 0
github.com/aspenmesh/istio-vet/pkg/vetter/util/util.go:448.3,448.9 1 0
github.com/aspenmesh/istio-vet/pkg/vetter/util/util.go:445.100,447.4 1 0
github.com/aspenmesh/istio-vet/pkg/vetter/util/util.go:456.42,457.64 1 0
github.com/aspenmesh/istio-vet/pkg/vetter/util/util.go:460.2,461.26 2 0
github.com/aspenmesh/istio-vet/pkg/vetter/util/util.go:466.2,466.14 1 0
github.com/aspenmesh/istio-vet/pkg/vetter/util/util.go:457.64,459.3 1 0
github.com/aspenmesh/istio-vet/pkg/vetter/util/util.go:461.26,462.40 1 0
github.com/aspenmesh/istio-vet/pkg/vetter/util/util.go:462.40,464.4 1 0
github.com/aspenmesh/istio-vet/pkg/vetter/util/util.go:469.78,470.26 1 0
github.com/aspenmesh/istio-vet/pkg/vetter/util/util.go:475.2,477.31 3 0
github.com/aspenmesh/istio-vet/pkg/vetter/util/util.go:470.26,471.18 1 0
github.com/aspenmesh/istio-vet/pkg/vetter/util/util.go:471.18,473.4 1 0
github.com/aspenmesh/istio-vet/pkg/vetter/util/util.go:482.56,484.2 1 0
github.com/aspenmesh/istio-vet/pkg/vetter/util/util.go:488.60,490.2 1 0
github.com/aspenmesh/istio-vet/pkg/vetter/util/util.go:492.56,493.22 1 0
github.com/aspenmesh/istio-vet/pkg/vetter/util/util.go:498.2,498.14 1 0
github.com/aspenmesh/istio-vet/pkg/vetter/util/util.go:493.22,494.19 1 0
github.com/aspenmesh/istio-vet/pkg/vetter/util/util.go:494.19,496.4 1 0
github.com/aspenmesh/istio-vet/pkg/vetter/util/util.go:504.114,506.16 2 0
github.com/aspenmesh/istio-vet/pkg/vetter/util/util.go:510.2,510.16 1 0
github.com/aspenmesh/istio-vet/pkg/vetter/util/util.go:506.16,509.3 2 0
github.com/aspenmesh/istio-vet/pkg/vetter/util/util.go:516.126,519.16 3 0
github.com/aspenmesh/istio-vet/pkg/vetter/util/util.go:522.2,522.23 1 0
github.com/aspenmesh/istio-vet/pkg/vetter/util/util.go:534.2,534.18 1 0
github.com/aspenmesh/istio-vet/pkg/vetter/util/util.go:519.16,521.3 1 0
github.com/aspenmesh/istio-vet/pkg/vetter/util/util.go:522.23,524.17 2 0
github.com/aspenmesh/istio-vet/pkg/vetter/util/util.go:528.3,528.29 1 0
github.com/aspenmesh/istio-vet/pkg/vetter/util/util.go:524.17,527.4 2 0
github.com/aspenmesh/istio-vet/pkg/vetter/util/util.go:528.29,529.34 1 0
github.com/aspenmesh/istio-vet/pkg/vetter/util/util.go:529.34,531.5 1 0
github.com/aspenmesh/istio-vet/pkg/vetter/util/util.go:539.138,542.16 3 0
github.com/aspenmesh/istio-vet/pkg/vetter/util/util.go:545.2,545.23 1 0
github.com/aspenmesh/istio-vet/pkg/vetter/util/util.go:557.2,557.22 1 0
github.com/aspenmesh/istio-vet/pkg/vetter/util/util.go:542.16,544.3 1 0
github.com/aspenmesh/istio-vet/pkg/vetter/util/util.go:545.23,547.17 2 0
github.com/aspenmesh/istio-vet/pkg/vetter/util/util.go:551.3,551.33 1 0
github.com/aspenmesh/istio-vet/pkg/vetter/util/util.go:547.17,550.4 2 0
github.com/aspenmesh/istio-vet/pkg/vetter/util/util.go:551.33,552.30 1 0
github.com/aspenmesh/istio-vet/pkg/vetter/util/util.go:552.30,554.5 1 0
github.com/aspenmesh/istio-vet/pkg/vetter/util/util.go:560.80,561.38 1 0
github.com/aspenmesh/istio-vet/pkg/vetter/util/util.go:575.2,575.14 1 0
github.com/aspenmesh/istio-vet/pkg/vetter/util/util.go:561.38,562.33 1 0
github.com/aspenmesh/istio-vet/pkg/vetter/util/util.go:562.33,564.18 2 0
github.com/aspenmesh/istio-vet/pkg/vetter/util/util.go:568.4,568.30 1 0
github.com/aspenmesh/istio-vet/pkg/vetter/util/util.go:564.18,567.5 2 0
github.com/aspenmesh/istio-vet/pkg/vetter/util/util.go:568.30,569.66 1 0
github.com/aspenmesh/istio-vet/pkg/vetter/util/util.go:569.66,571.6 1 0
github.com/aspenmesh/istio-vet/pkg/vetter/util/util.go:580.142,583.16 3 0
github.com/aspenmesh/istio-vet/pkg/vetter/util/util.go:586.2,586.23 1 0
github.com/aspenmesh/istio-vet/pkg/vetter/util/util.go:598.2,598.23 1 0
github.com/aspenmesh/istio-vet/pkg/vetter/util/util.go:583.16,585.3 1 0
github.com/aspenmesh/istio-vet/pkg/vetter/util/util.go:586.23,588.17 2 0
github.com/aspenmesh/istio-vet/pkg/vetter/util/util.go:592.3,592.34 1 0
github.com/aspenmesh/istio-vet/pkg/vetter/util/util.go:588.17,591.4 2 0
github.com/aspenmesh/istio-vet/pkg/vetter/util/util.go:592.34,593.39 1 0
github.com/aspenmesh/istio-vet/pkg/vetter/util/util.go:593.39,595.5 1 0
github.com/aspenmesh/istio-vet/pkg/vetter/util/util.go:603.38,605.2 1 0
github.com/aspenmesh/istio-vet/pkg/vetter/util/util.go:609.81,612.16 3 0
github.com/aspenmesh/istio-vet/pkg/vetter/util/util.go:615.2,615.23 1 0
github.com/aspenmesh/istio-vet/pkg/vetter/util/util.go:623.2,623.29 1 0
github.com/aspenmesh/istio-vet/pkg/vetter/util/util.go:612.16,614.3 1 0
github.com/aspenmesh/istio-vet/pkg/vetter/util/util.go:615.23,617.17 2 0
github.com/aspenmesh/istio-vet/pkg/vetter/util/util.go:621.3,621.64 1 0
github.com/aspenmesh/istio-vet/pkg/vetter/util/util.go:617.17,620.4 2 0
github.com/aspenmesh/istio-vet/pkg/vetter/util/util.go:627.79,628.43 1 9
github.com/aspenmesh/istio-vet/pkg/vetter/util/util.go:632.2,632.38 1 6
github.com/aspenmesh/istio-vet/pkg/vetter/util/util.go:635.2,635.37 1 4
github.com/aspenmesh/istio-vet/pkg/vetter/util/util.go:639.2,639.65 1 1
github.com/aspenmesh/istio-vet/pkg/vetter/util/util.go:628.43,631.3 2 3
github.com/aspenmesh/istio-vet/pkg/vetter/util/util.go:632.38,634.3 1 2
github.com/aspenmesh/istio-vet/pkg/vetter/util/util.go:635.37,637.3 1 3
github.com/aspenmesh/istio-vet/pkg/vetter/util/util.go:644.66,647.31 3 5
github.com/aspenmesh/istio-vet/pkg/vetter/util/util.go:658.2,658.65 1 2
github.com/aspenmesh/istio-vet/pkg/vetter/util/util.go:647.31,649.62 1 42
github.com/aspenmesh/istio-vet/pkg/vetter/util/util.go:649.62,652.18 2 3
github.com/aspenmesh/istio-vet/pkg/vetter/util/util.go:655.4,655.36 1 2
github.com/aspenmesh/istio-vet/pkg/vetter/util/util.go:652.18,654.5 1 1
