mode: atomic
github.com/aspenmesh/istio-vet/pkg/vetter/util/mtlspolicy/util.go:35.52,36.59 1 12
github.com/aspenmesh/istio-vet/pkg/vetter/util/mtlspolicy/util.go:39.2,41.63 3 9
github.com/aspenmesh/istio-vet/pkg/vetter/util/mtlspolicy/util.go:44.2,44.58 1 6
github.com/aspenmesh/istio-vet/pkg/vetter/util/mtlspolicy/util.go:36.59,38.3 1 3
github.com/aspenmesh/istio-vet/pkg/vetter/util/mtlspolicy/util.go:41.63,43.3 1 3
github.com/aspenmesh/istio-vet/pkg/vetter/util/mtlspolicy/authPolicy.go:58.38,65.2 1 12
github.com/aspenmesh/istio-vet/pkg/vetter/util/mtlspolicy/authPolicy.go:68.64,70.2 1 4
github.com/aspenmesh/istio-vet/pkg/vetter/util/mtlspolicy/authPolicy.go:73.87,76.2 2 7
github.com/aspenmesh/istio-vet/pkg/vetter/util/mtlspolicy/authPolicy.go:79.75,81.9 2 15
github.com/aspenmesh/istio-vet/pkg/vetter/util/mtlspolicy/authPolicy.go:85.2,86.42 2 15
github.com/aspenmesh/istio-vet/pkg/vetter/util/mtlspolicy/authPolicy.go:81.9,84.3 2 8
github.com/aspenmesh/istio-vet/pkg/vetter/util/mtlspolicy/authPolicy.go:90.88,92.9 2 14
github.com/aspenmesh/istio-vet/pkg/vetter/util/mtlspolicy/authPolicy.go:96.2,97.9 2 14
github.com/aspenmesh/istio-vet/pkg/vetter/util/mtlspolicy/authPolicy.go:101.2,102.32 2 14
github.com/aspenmesh/istio-vet/pkg/vetter/util/mtlspolicy/authPolicy.go:92.9,95.3 2 7
github.com/aspenmesh/istio-vet/pkg/vetter/util/mtlspolicy/authPolicy.go:97.9,100.3 2 9
github.com/aspenmesh/istio-vet/pkg/vetter/util/mtlspolicy/authPolicy.go:107.61,109.2 1 2
github.com/aspenmesh/istio-vet/pkg/vetter/util/mtlspolicy/authPolicy.go:113.78,115.9 2 6
github.com/aspenmesh/istio-vet/pkg/vetter/util/mtlspolicy/authPolicy.go:118.2,118.10 1 4
github.com/aspenmesh/istio-vet/pkg/vetter/util/mtlspolicy/authPolicy.go:115.9,117.3 1 2
github.com/aspenmesh/istio-vet/pkg/vetter/util/mtlspolicy/authPolicy.go:123.66,125.9 2 8
github.com/aspenmesh/istio-vet/pkg/vetter/util/mtlspolicy/authPolicy.go:128.2,129.9 2 7
github.com/aspenmesh/istio-vet/pkg/vetter/util/mtlspolicy/authPolicy.go:132.2,132.10 1 7
github.com/aspenmesh/istio-vet/pkg/vetter/util/mtlspolicy/authPolicy.go:125.9,127.3 1 1
github.com/aspenmesh/istio-vet/pkg/vetter/util/mtlspolicy/authPolicy.go:129.9,131.3 1 0
github.com/aspenmesh/istio-vet/pkg/vetter/util/mtlspolicy/authPolicy.go:137.79,139.9 2 7
github.com/aspenmesh/istio-vet/pkg/vetter/util/mtlspolicy/authPolicy.go:142.2,143.9 2 6
github.com/aspenmesh/istio-vet/pkg/vetter/util/mtlspolicy/authPolicy.go:146.2,147.9 2 5
github.com/aspenmesh/istio-vet/pkg/vetter/util/mtlspolicy/authPolicy.go:150.2,150.10 1 4
github.com/aspenmesh/istio-vet/pkg/vetter/util/mtlspolicy/authPolicy.go:139.9,141.3 1 1
github.com/aspenmesh/istio-vet/pkg/vetter/util/mtlspolicy/authPolicy.go:143.9,145.3 1 1
github.com/aspenmesh/istio-vet/pkg/vetter/util/mtlspolicy/authPolicy.go:147.9,149.3 1 1
github.com/aspenmesh/istio-vet/pkg/vetter/util/mtlspolicy/authPolicy.go:155.95,157.9 2 3
github.com/aspenmesh/istio-vet/pkg/vetter/util/mtlspolicy/authPolicy.go:160.2,161.9 2 2
github.com/aspenmesh/istio-vet/pkg/vetter/util/mtlspolicy/authPolicy.go:164.2,164.37 1 2
github.com/aspenmesh/istio-vet/pkg/vetter/util/mtlspolicy/authPolicy.go:157.9,159.3 1 1
github.com/aspenmesh/istio-vet/pkg/vetter/util/mtlspolicy/authPolicy.go:161.9,163.3 1 0
github.com/aspenmesh/istio-vet/pkg/vetter/util/mtlspolicy/authPolicy.go:164.37,166.3 1 6
github.com/aspenmesh/istio-vet/pkg/vetter/util/mtlspolicy/authPolicy.go:177.46,180.34 1 2
github.com/aspenmesh/istio-vet/pkg/vetter/util/mtlspolicy/authPolicy.go:181.41,182.14 1 1
github.com/aspenmesh/istio-vet/pkg/vetter/util/mtlspolicy/authPolicy.go:183.41,184.15 1 0
github.com/aspenmesh/istio-vet/pkg/vetter/util/mtlspolicy/authPolicy.go:185.39,186.14 1 0
github.com/aspenmesh/istio-vet/pkg/vetter/util/mtlspolicy/authPolicy.go:187.10,188.15 1 1
github.com/aspenmesh/istio-vet/pkg/vetter/util/mtlspolicy/authPolicy.go:201.73,203.8 2 24
github.com/aspenmesh/istio-vet/pkg/vetter/util/mtlspolicy/authPolicy.go:208.2,208.14 1 12
github.com/aspenmesh/istio-vet/pkg/vetter/util/mtlspolicy/authPolicy.go:203.8,206.3 1 12
github.com/aspenmesh/istio-vet/pkg/vetter/util/mtlspolicy/authPolicy.go:214.98,222.38 3 24
github.com/aspenmesh/istio-vet/pkg/vetter/util/mtlspolicy/authPolicy.go:247.2,247.16 1 24
github.com/aspenmesh/istio-vet/pkg/vetter/util/mtlspolicy/authPolicy.go:254.2,254.18 1 24
github.com/aspenmesh/istio-vet/pkg/vetter/util/mtlspolicy/authPolicy.go:222.38,224.27 1 33
github.com/aspenmesh/istio-vet/pkg/vetter/util/mtlspolicy/authPolicy.go:224.27,228.54 2 12
github.com/aspenmesh/istio-vet/pkg/vetter/util/mtlspolicy/authPolicy.go:228.54,230.5 1 6
github.com/aspenmesh/istio-vet/pkg/vetter/util/mtlspolicy/authPolicy.go:230.10,232.5 1 6
github.com/aspenmesh/istio-vet/pkg/vetter/util/mtlspolicy/authPolicy.go:233.9,238.24 1 21
github.com/aspenmesh/istio-vet/pkg/vetter/util/mtlspolicy/authPolicy.go:238.24,240.5 1 10
github.com/aspenmesh/istio-vet/pkg/vetter/util/mtlspolicy/authPolicy.go:247.16,249.3 1 6
github.com/aspenmesh/istio-vet/pkg/vetter/util/mtlspolicy/authPolicy.go:249.8,249.25 1 18
github.com/aspenmesh/istio-vet/pkg/vetter/util/mtlspolicy/authPolicy.go:249.25,251.3 1 13
github.com/aspenmesh/istio-vet/pkg/vetter/util/mtlspolicy/authPolicy.go:251.8,253.3 1 5
github.com/aspenmesh/istio-vet/pkg/vetter/util/mtlspolicy/authPolicy.go:261.110,264.21 2 22
github.com/aspenmesh/istio-vet/pkg/vetter/util/mtlspolicy/authPolicy.go:276.2,276.18 1 22
github.com/aspenmesh/istio-vet/pkg/vetter/util/mtlspolicy/authPolicy.go:264.21,267.3 1 2
github.com/aspenmesh/istio-vet/pkg/vetter/util/mtlspolicy/authPolicy.go:267.8,267.33 1 20
github.com/aspenmesh/istio-vet/pkg/vetter/util/mtlspolicy/authPolicy.go:267.33,273.3 1 1
github.com/aspenmesh/istio-vet/pkg/vetter/util/mtlspolicy/authPolicy.go:273.8,275.3 1 19
github.com/aspenmesh/istio-vet/pkg/vetter/util/mtlspolicy/authPolicy.go:283.68,285.18 2 3
github.com/aspenmesh/istio-vet/pkg/vetter/util/mtlspolicy/authPolicy.go:288.2,289.49 2 3
github.com/aspenmesh/istio-vet/pkg/vetter/util/mtlspolicy/authPolicy.go:285.18,287.3 1 0
github.com/aspenmesh/istio-vet/pkg/vetter/util/mtlspolicy/authPolicy.go:296.64,298.18 2 17
github.com/aspenmesh/istio-vet/pkg/vetter/util/mtlspolicy/authPolicy.go:301.2,302.49 2 17
github.com/aspenmesh/istio-vet/pkg/vetter/util/mtlspolicy/authPolicy.go:298.18,300.3 1 0
github.com/aspenmesh/istio-vet/pkg/vetter/util/mtlspolicy/authPolicy.go:308.81,309.27 1 5
github.com/aspenmesh/istio-vet/pkg/vetter/util/mtlspolicy/authPolicy.go:309.27,311.3 1 1
github.com/aspenmesh/istio-vet/pkg/vetter/util/mtlspolicy/authPolicy.go:311.8,311.35 1 4
github.com/aspenmesh/istio-vet/pkg/vetter/util/mtlspolicy/authPolicy.go:311.35,313.3 1 1
github.com/aspenmesh/istio-vet/pkg/vetter/util/mtlspolicy/authPolicy.go:313.8,314.68 1 3
github.com/aspenmesh/istio-vet/pkg/vetter/util/mtlspolicy/authPolicy.go:314.68,318.4 3 2
github.com/aspenmesh/istio-vet/pkg/vetter/util/mtlspolicy/authPolicy.go:318.9,320.4 1 1
github.com/aspenmesh/istio-vet/pkg/vetter/util/mtlspolicy/authPolicy.go:327.109,329.23 2 4
github.com/aspenmesh/istio-vet/pkg/vetter/util/mtlspolicy/authPolicy.go:336.2,336.24 1 4
github.com/aspenmesh/istio-vet/pkg/vetter/util/mtlspolicy/authPolicy.go:341.2,341.31 1 1
github.com/aspenmesh/istio-vet/pkg/vetter/util/mtlspolicy/authPolicy.go:329.23,335.3 1 0
github.com/aspenmesh/istio-vet/pkg/vetter/util/mtlspolicy/authPolicy.go:336.24,338.3 1 3
github.com/aspenmesh/istio-vet/pkg/vetter/util/mtlspolicy/authPolicy.go:345.95,347.16 2 0
github.com/aspenmesh/istio-vet/pkg/vetter/util/mtlspolicy/authPolicy.go:352.2,352.44 1 0
github.com/aspenmesh/istio-vet/pkg/vetter/util/mtlspolicy/authPolicy.go:347.16,351.3 1 0
github.com/aspenmesh/istio-vet/pkg/vetter/util/mtlspolicy/authPolicy.go:358.96,361.23 2 6
github.com/aspenmesh/istio-vet/pkg/vetter/util/mtlspolicy/authPolicy.go:368.2,368.24 1 5
github.com/aspenmesh/istio-vet/pkg/vetter/util/mtlspolicy/authPolicy.go:373.2,373.36 1 1
github.com/aspenmesh/istio-vet/pkg/vetter/util/mtlspolicy/authPolicy.go:361.23,367.3 1 1
github.com/aspenmesh/istio-vet/pkg/vetter/util/mtlspolicy/authPolicy.go:368.24,370.3 1 4
github.com/aspenmesh/istio-vet/pkg/vetter/util/mtlspolicy/authPolicy.go:377.82,379.16 2 0
github.com/aspenmesh/istio-vet/pkg/vetter/util/mtlspolicy/authPolicy.go:384.2,384.44 1 0
github.com/aspenmesh/istio-vet/pkg/vetter/util/mtlspolicy/authPolicy.go:379.16,383.3 1 0
github.com/aspenmesh/istio-vet/pkg/vetter/util/mtlspolicy/authPolicy.go:391.101,393.23 2 4
github.com/aspenmesh/istio-vet/pkg/vetter/util/mtlspolicy/authPolicy.go:400.2,400.24 1 4
github.com/aspenmesh/istio-vet/pkg/vetter/util/mtlspolicy/authPolicy.go:406.2,407.28 2 1
github.com/aspenmesh/istio-vet/pkg/vetter/util/mtlspolicy/authPolicy.go:393.23,399.3 1 0
github.com/aspenmesh/istio-vet/pkg/vetter/util/mtlspolicy/authPolicy.go:400.24,402.3 1 3
github.com/aspenmesh/istio-vet/pkg/vetter/util/mtlspolicy/authPolicy.go:411.87,413.16 2 0
github.com/aspenmesh/istio-vet/pkg/vetter/util/mtlspolicy/authPolicy.go:418.2,418.44 1 0
github.com/aspenmesh/istio-vet/pkg/vetter/util/mtlspolicy/authPolicy.go:413.16,417.3 1 0
github.com/aspenmesh/istio-vet/pkg/vetter/util/mtlspolicy/authPolicy.go:421.91,423.23 2 1
github.com/aspenmesh/istio-vet/pkg/vetter/util/mtlspolicy/authPolicy.go:427.2,427.24 1 1
github.com/aspenmesh/istio-vet/pkg/vetter/util/mtlspolicy/authPolicy.go:432.2,432.39 1 0
github.com/aspenmesh/istio-vet/pkg/vetter/util/mtlspolicy/authPolicy.go:423.23,426.3 1 0
github.com/aspenmesh/istio-vet/pkg/vetter/util/mtlspolicy/authPolicy.go:427.24,429.3 1 1
github.com/aspenmesh/istio-vet/pkg/vetter/util/mtlspolicy/authPolicy.go:441.66,443.34 2 12
github.com/aspenmesh/istio-vet/pkg/vetter/util/mtlspolicy/authPolicy.go:446.2,446.34 1 12
github.com/aspenmesh/istio-vet/pkg/vetter/util/mtlspolicy/authPolicy.go:481.2,481.20 1 12
github.com/aspenmesh/istio-vet/pkg/vetter/util/mtlspolicy/authPolicy.go:443.34,445.3 1 4
github.com/aspenmesh/istio-vet/pkg/vetter/util/mtlspolicy/authPolicy.go:446.34,448.42 2 30
github.com/aspenmesh/istio-vet/pkg/vetter/util/mtlspolicy/authPolicy.go:458.3,458.34 1 23
github.com/aspenmesh/istio-vet/pkg/vetter/util/mtlspolicy/authPolicy.go:448.42,450.32 1 7
github.com/aspenmesh/istio-vet/pkg/vetter/util/mtlspolicy/authPolicy.go:454.4,455.12 2 7
github.com/aspenmesh/istio-vet/pkg/vetter/util/mtlspolicy/authPolicy.go:450.32,452.13 1 0
github.com/aspenmesh/istio-vet/pkg/vetter/util/mtlspolicy/authPolicy.go:458.34,460.18 2 29
github.com/aspenmesh/istio-vet/pkg/vetter/util/mtlspolicy/authPolicy.go:464.4,466.39 3 29
github.com/aspenmesh/istio-vet/pkg/vetter/util/mtlspolicy/authPolicy.go:472.4,472.31 1 14
github.com/aspenmesh/istio-vet/pkg/vetter/util/mtlspolicy/authPolicy.go:460.18,462.13 1 0
github.com/aspenmesh/istio-vet/pkg/vetter/util/mtlspolicy/authPolicy.go:466.39,469.13 2 15
github.com/aspenmesh/istio-vet/pkg/vetter/util/mtlspolicy/authPolicy.go:472.31,474.15 2 14
github.com/aspenmesh/istio-vet/pkg/vetter/util/mtlspolicy/authPolicy.go:477.5,477.35 1 14
github.com/aspenmesh/istio-vet/pkg/vetter/util/mtlspolicy/authPolicy.go:474.15,475.14 1 0
github.com/aspenmesh/istio-vet/pkg/vetter/util/mtlspolicy/destinationRule.go:57.32,63.2 1 1
github.com/aspenmesh/istio-vet/pkg/vetter/util/mtlspolicy/destinationRule.go:66.90,69.2 2 1
github.com/aspenmesh/istio-vet/pkg/vetter/util/mtlspolicy/destinationRule.go:72.78,74.9 2 2
github.com/aspenmesh/istio-vet/pkg/vetter/util/mtlspolicy/destinationRule.go:78.2,79.40 2 2
github.com/aspenmesh/istio-vet/pkg/vetter/util/mtlspolicy/destinationRule.go:74.9,77.3 2 1
github.com/aspenmesh/istio-vet/pkg/vetter/util/mtlspolicy/destinationRule.go:88.3,90.9 2 1
github.com/aspenmesh/istio-vet/pkg/vetter/util/mtlspolicy/destinationRule.go:94.2,95.9 2 1
github.com/aspenmesh/istio-vet/pkg/vetter/util/mtlspolicy/destinationRule.go:99.2,100.71 2 1
github.com/aspenmesh/istio-vet/pkg/vetter/util/mtlspolicy/destinationRule.go:90.9,93.3 2 1
github.com/aspenmesh/istio-vet/pkg/vetter/util/mtlspolicy/destinationRule.go:95.9,98.3 2 1
github.com/aspenmesh/istio-vet/pkg/vetter/util/mtlspolicy/destinationRule.go:105.83,107.9 2 1
github.com/aspenmesh/istio-vet/pkg/vetter/util/mtlspolicy/destinationRule.go:110.2,110.11 1 1
github.com/aspenmesh/istio-vet/pkg/vetter/util/mtlspolicy/destinationRule.go:107.9,109.3 1 0
github.com/aspenmesh/istio-vet/pkg/vetter/util/mtlspolicy/destinationRule.go:115.71,117.9 2 2
github.com/aspenmesh/istio-vet/pkg/vetter/util/mtlspolicy/destinationRule.go:120.2,121.9 2 2
github.com/aspenmesh/istio-vet/pkg/vetter/util/mtlspolicy/destinationRule.go:124.2,124.12 1 2
github.com/aspenmesh/istio-vet/pkg/vetter/util/mtlspolicy/destinationRule.go:117.9,119.3 1 0
github.com/aspenmesh/istio-vet/pkg/vetter/util/mtlspolicy/destinationRule.go:121.9,123.3 1 0
github.com/aspenmesh/istio-vet/pkg/vetter/util/mtlspolicy/destinationRule.go:129.69,131.9 2 1
github.com/aspenmesh/istio-vet/pkg/vetter/util/mtlspolicy/destinationRule.go:134.2,135.9 2 1
github.com/aspenmesh/istio-vet/pkg/vetter/util/mtlspolicy/destinationRule.go:138.2,139.9 2 1
github.com/aspenmesh/istio-vet/pkg/vetter/util/mtlspolicy/destinationRule.go:142.2,142.12 1 1
github.com/aspenmesh/istio-vet/pkg/vetter/util/mtlspolicy/destinationRule.go:131.9,133.3 1 0
github.com/aspenmesh/istio-vet/pkg/vetter/util/mtlspolicy/destinationRule.go:135.9,137.3 1 0
github.com/aspenmesh/istio-vet/pkg/vetter/util/mtlspolicy/destinationRule.go:139.9,141.3 1 0
github.com/aspenmesh/istio-vet/pkg/vetter/util/mtlspolicy/destinationRule.go:147.89,148.52 1 0
github.com/aspenmesh/istio-vet/pkg/vetter/util/mtlspolicy/destinationRule.go:148.52,149.53 1 0
github.com/aspenmesh/istio-vet/pkg/vetter/util/mtlspolicy/destinationRule.go:149.53,151.49 2 0
github.com/aspenmesh/istio-vet/pkg/vetter/util/mtlspolicy/destinationRule.go:151.49,152.39 1 0
github.com/aspenmesh/istio-vet/pkg/vetter/util/mtlspolicy/destinationRule.go:152.39,154.6 1 0
github.com/aspenmesh/istio-vet/pkg/vetter/util/mtlspolicy/destinationRule.go:162.91,163.52 1 0
github.com/aspenmesh/istio-vet/pkg/vetter/util/mtlspolicy/destinationRule.go:163.52,164.53 1 0
github.com/aspenmesh/istio-vet/pkg/vetter/util/mtlspolicy/destinationRule.go:164.53,166.38 2 0
github.com/aspenmesh/istio-vet/pkg/vetter/util/mtlspolicy/destinationRule.go:166.38,168.5 1 0
github.com/aspenmesh/istio-vet/pkg/vetter/util/mtlspolicy/destinationRule.go:174.50,176.2 1 0
github.com/aspenmesh/istio-vet/pkg/vetter/util/mtlspolicy/destinationRule.go:179.61,181.2 1 0
github.com/aspenmesh/istio-vet/pkg/vetter/util/mtlspolicy/destinationRule.go:185.85,187.20 2 0
github.com/aspenmesh/istio-vet/pkg/vetter/util/mtlspolicy/destinationRule.go:191.2,191.21 1 0
github.com/aspenmesh/istio-vet/pkg/vetter/util/mtlspolicy/destinationRule.go:195.2,195.51 1 0
github.com/aspenmesh/istio-vet/pkg/vetter/util/mtlspolicy/destinationRule.go:187.20,190.3 1 0
github.com/aspenmesh/istio-vet/pkg/vetter/util/mtlspolicy/destinationRule.go:191.21,193.3 1 0
github.com/aspenmesh/istio-vet/pkg/vetter/util/mtlspolicy/destinationRule.go:199.87,201.20 2 0
github.com/aspenmesh/istio-vet/pkg/vetter/util/mtlspolicy/destinationRule.go:205.2,205.21 1 0
github.com/aspenmesh/istio-vet/pkg/vetter/util/mtlspolicy/destinationRule.go:209.2,209.51 1 0
github.com/aspenmesh/istio-vet/pkg/vetter/util/mtlspolicy/destinationRule.go:201.20,204.3 1 0
github.com/aspenmesh/istio-vet/pkg/vetter/util/mtlspolicy/destinationRule.go:205.21,207.3 1 0
github.com/aspenmesh/istio-vet/pkg/vetter/util/mtlspolicy/destinationRule.go:214.78,216.26 2 1
github.com/aspenmesh/istio-vet/pkg/vetter/util/mtlspolicy/destinationRule.go:254.2,254.20 1 1
github.com/aspenmesh/istio-vet/pkg/vetter/util/mtlspolicy/destinationRule.go:216.26,218.17 2 4
github.com/aspenmesh/istio-vet/pkg/vetter/util/mtlspolicy/destinationRule.go:222.3,223.53 2 4
github.com/aspenmesh/istio-vet/pkg/vetter/util/mtlspolicy/destinationRule.go:228.3,228.48 1 4
github.com/aspenmesh/istio-vet/pkg/vetter/util/mtlspolicy/destinationRule.go:242.3,242.71 1 4
github.com/aspenmesh/istio-vet/pkg/vetter/util/mtlspolicy/destinationRule.go:218.17,220.12 1 0
github.com/aspenmesh/istio-vet/pkg/vetter/util/mtlspolicy/destinationRule.go:223.53,225.12 1 0
github.com/aspenmesh/istio-vet/pkg/vetter/util/mtlspolicy/destinationRule.go:228.48,229.21 1 3
github.com/aspenmesh/istio-vet/pkg/vetter/util/mtlspolicy/destinationRule.go:229.21,230.27 1 1
github.com/aspenmesh/istio-vet/pkg/vetter/util/mtlspolicy/destinationRule.go:235.5,235.42 1 1
github.com/aspenmesh/istio-vet/pkg/vetter/util/mtlspolicy/destinationRule.go:230.27,233.14 1 0
github.com/aspenmesh/istio-vet/pkg/vetter/util/mtlspolicy/destinationRule.go:236.10,238.5 1 2
github.com/aspenmesh/istio-vet/pkg/vetter/util/mtlspolicy/destinationRule.go:242.71,243.39 1 1
github.com/aspenmesh/istio-vet/pkg/vetter/util/mtlspolicy/destinationRule.go:247.4,248.14 2 1
github.com/aspenmesh/istio-vet/pkg/vetter/util/mtlspolicy/destinationRule.go:251.4,251.33 1 1
github.com/aspenmesh/istio-vet/pkg/vetter/util/mtlspolicy/destinationRule.go:243.39,245.13 1 0
github.com/aspenmesh/istio-vet/pkg/vetter/util/mtlspolicy/destinationRule.go:248.14,249.13 1 0
